0 info it worked if it ends with ok
1 verbose cli [ 'node',
1 verbose cli   'C:\\Users\\ThamerBelfki\\AppData\\Roaming\\npm\\node_modules\\npm\\bin\\npm-cli.js',
1 verbose cli   'install',
1 verbose cli   '-g',
1 verbose cli   'bower' ]
2 info using npm@2.5.0
3 info using node@v0.12.7
4 silly cache add args [ 'bower', null ]
5 verbose cache add spec bower
6 silly cache add parsed spec { raw: 'bower',
6 silly cache add   scope: null,
6 silly cache add   name: 'bower',
6 silly cache add   rawSpec: '',
6 silly cache add   spec: '*',
6 silly cache add   type: 'range' }
7 verbose addNamed bower@*
8 silly addNamed semver.valid null
9 silly addNamed semver.validRange *
10 silly addNameRange { name: 'bower', range: '*', hasData: false }
11 silly mapToRegistry name bower
12 silly mapToRegistry using default registry
13 silly mapToRegistry registry https://registry.npmjs.org/
14 silly mapToRegistry uri https://registry.npmjs.org/bower
15 verbose addNameRange registry:https://registry.npmjs.org/bower not in flight; fetching
16 verbose request uri https://registry.npmjs.org/bower
17 verbose request no auth needed
18 info attempt registry request try #1 at 12:02:30
19 verbose request id 85aacd6676bf1bc1
20 verbose etag "67YL145IYW67IWIV70QRS3ALF"
21 http request GET https://registry.npmjs.org/bower
22 http 200 https://registry.npmjs.org/bower
23 silly get cb [ 200,
23 silly get   { server: 'CouchDB/1.5.0 (Erlang OTP/R16B03)',
23 silly get     etag: '"9HRYO8VFJFIXAO47KE43FACXA"',
23 silly get     'content-type': 'application/json',
23 silly get     'cache-control': 'max-age=60',
23 silly get     'content-length': '122923',
23 silly get     'accept-ranges': 'bytes',
23 silly get     date: 'Tue, 06 Oct 2015 11:02:41 GMT',
23 silly get     via: '1.1 varnish',
23 silly get     age: '31',
23 silly get     connection: 'keep-alive',
23 silly get     'x-served-by': 'cache-fra1223-FRA',
23 silly get     'x-cache': 'HIT',
23 silly get     'x-cache-hits': '2',
23 silly get     'x-timer': 'S1444129361.429063,VS0,VE0',
23 silly get     vary: 'Accept' } ]
24 verbose get saving bower to C:\Users\ThamerBelfki\AppData\Roaming\npm-cache\registry.npmjs.org\bower\.cache.json
25 silly addNameRange number 2 { name: 'bower', range: '*', hasData: true }
26 silly addNameRange versions [ 'bower',
26 silly addNameRange   [ '0.1.0',
26 silly addNameRange     '0.1.2',
26 silly addNameRange     '0.1.3',
26 silly addNameRange     '0.2.0',
26 silly addNameRange     '0.3.0',
26 silly addNameRange     '0.3.1',
26 silly addNameRange     '0.3.2',
26 silly addNameRange     '0.4.0',
26 silly addNameRange     '0.5.0',
26 silly addNameRange     '0.5.1',
26 silly addNameRange     '0.6.0',
26 silly addNameRange     '0.6.1',
26 silly addNameRange     '0.6.2',
26 silly addNameRange     '0.6.3',
26 silly addNameRange     '0.6.4',
26 silly addNameRange     '0.6.5',
26 silly addNameRange     '0.6.6',
26 silly addNameRange     '0.6.7',
26 silly addNameRange     '0.6.8',
26 silly addNameRange     '0.7.0',
26 silly addNameRange     '0.7.1',
26 silly addNameRange     '0.8.0',
26 silly addNameRange     '0.8.1',
26 silly addNameRange     '0.8.2',
26 silly addNameRange     '0.8.3',
26 silly addNameRange     '0.8.4',
26 silly addNameRange     '0.8.5',
26 silly addNameRange     '0.8.6',
26 silly addNameRange     '0.9.0',
26 silly addNameRange     '0.9.1',
26 silly addNameRange     '0.9.2',
26 silly addNameRange     '0.10.0',
26 silly addNameRange     '1.0.0',
26 silly addNameRange     '1.0.1',
26 silly addNameRange     '1.0.2',
26 silly addNameRange     '1.0.3',
26 silly addNameRange     '1.1.0',
26 silly addNameRange     '1.1.1',
26 silly addNameRange     '1.1.2',
26 silly addNameRange     '1.2.0',
26 silly addNameRange     '1.2.1',
26 silly addNameRange     '1.2.2',
26 silly addNameRange     '1.2.3',
26 silly addNameRange     '1.2.4',
26 silly addNameRange     '1.2.5',
26 silly addNameRange     '1.2.6',
26 silly addNameRange     '1.2.7',
26 silly addNameRange     '1.2.8',
26 silly addNameRange     '1.3.0',
26 silly addNameRange     '1.3.1',
26 silly addNameRange     '1.3.2',
26 silly addNameRange     '1.3.3',
26 silly addNameRange     '1.3.4',
26 silly addNameRange     '1.3.5',
26 silly addNameRange     '1.3.6',
26 silly addNameRange     '1.3.7',
26 silly addNameRange     '1.3.8',
26 silly addNameRange     '1.3.9',
26 silly addNameRange     '1.3.10',
26 silly addNameRange     '1.3.11',
26 silly addNameRange     '1.3.12',
26 silly addNameRange     '1.4.0',
26 silly addNameRange     '1.4.1',
26 silly addNameRange     '1.5.0',
26 silly addNameRange     '1.5.1',
26 silly addNameRange     '1.5.2',
26 silly addNameRange     '1.5.3' ] ]
27 verbose addNamed bower@1.5.3
28 silly addNamed semver.valid 1.5.3
29 silly addNamed semver.validRange 1.5.3
30 silly cache afterAdd bower@1.5.3
31 verbose afterAdd C:\Users\ThamerBelfki\AppData\Roaming\npm-cache\bower\1.5.3\package\package.json not in flight; writing
32 verbose afterAdd C:\Users\ThamerBelfki\AppData\Roaming\npm-cache\bower\1.5.3\package\package.json written
33 silly install resolved [ { name: 'bower',
33 silly install resolved     version: '1.5.3',
33 silly install resolved     description: 'The browser package manager',
33 silly install resolved     author: { name: 'Twitter' },
33 silly install resolved     license: 'MIT',
33 silly install resolved     repository: { type: 'git', url: 'https://github.com/bower/bower' },
33 silly install resolved     main: 'lib',
33 silly install resolved     homepage: 'http://bower.io',
33 silly install resolved     engines: { node: '>=0.10.0' },
33 silly install resolved     dependencies:
33 silly install resolved      { abbrev: '^1.0.5',
33 silly install resolved        archy: '1.0.0',
33 silly install resolved        'bower-config': '^0.6.1',
33 silly install resolved        'bower-endpoint-parser': '^0.2.2',
33 silly install resolved        'bower-json': '^0.4.0',
33 silly install resolved        'bower-logger': '^0.2.2',
33 silly install resolved        'bower-registry-client': '^0.3.0',
33 silly install resolved        cardinal: '0.4.4',
33 silly install resolved        chalk: '^1.0.0',
33 silly install resolved        chmodr: '0.1.0',
33 silly install resolved        configstore: '^0.3.2',
33 silly install resolved        'decompress-zip': '^0.1.0',
33 silly install resolved        fstream: '^1.0.3',
33 silly install resolved        'fstream-ignore': '^1.0.2',
33 silly install resolved        github: '^0.2.3',
33 silly install resolved        glob: '^4.3.2',
33 silly install resolved        'graceful-fs': '^3.0.5',
33 silly install resolved        handlebars: '^2.0.0',
33 silly install resolved        inquirer: '0.8.0',
33 silly install resolved        insight: '^0.7.0',
33 silly install resolved        'is-root': '^1.0.0',
33 silly install resolved        junk: '^1.0.0',
33 silly install resolved        lockfile: '^1.0.0',
33 silly install resolved        'lru-cache': '^2.5.0',
33 silly install resolved        'md5-hex': '^1.0.2',
33 silly install resolved        mkdirp: '0.5.0',
33 silly install resolved        mout: '^0.11.0',
33 silly install resolved        nopt: '^3.0.1',
33 silly install resolved        opn: '^1.0.1',
33 silly install resolved        'p-throttler': '0.1.1',
33 silly install resolved        promptly: '0.2.0',
33 silly install resolved        q: '^1.1.2',
33 silly install resolved        request: '2.53.0',
33 silly install resolved        'request-progress': '0.3.1',
33 silly install resolved        retry: '0.6.1',
33 silly install resolved        rimraf: '^2.2.8',
33 silly install resolved        semver: '^2.3.0',
33 silly install resolved        'shell-quote': '^1.4.2',
33 silly install resolved        'stringify-object': '^1.0.0',
33 silly install resolved        'tar-fs': '^1.4.1',
33 silly install resolved        tmp: '0.0.24',
33 silly install resolved        'update-notifier': '^0.3.0',
33 silly install resolved        'user-home': '^1.1.0',
33 silly install resolved        which: '^1.0.8' },
33 silly install resolved     devDependencies:
33 silly install resolved      { chai: '^1.10.0',
33 silly install resolved        coveralls: '^2.11.2',
33 silly install resolved        'expect.js': '^0.3.1',
33 silly install resolved        grunt: '^0.4.5',
33 silly install resolved        'grunt-cli': '^0.1.13',
33 silly install resolved        'grunt-contrib-jshint': '^0.10.0',
33 silly install resolved        'grunt-contrib-watch': '^0.6.1',
33 silly install resolved        'grunt-exec': '^0.4.6',
33 silly install resolved        'grunt-simple-mocha': '^0.4.0',
33 silly install resolved        istanbul: '^0.3.5',
33 silly install resolved        'load-grunt-tasks': '^2.0.0',
33 silly install resolved        mocha: '^2.1.0',
33 silly install resolved        multiline: '^1.0.2',
33 silly install resolved        nock: '^0.56.0',
33 silly install resolved        'node-uuid': '^1.4.2',
33 silly install resolved        proxyquire: '^1.3.0',
33 silly install resolved        'spawn-sync': '^1.0.5' },
33 silly install resolved     scripts: { test: 'grunt test' },
33 silly install resolved     bin: { bower: 'bin/bower' },
33 silly install resolved     files: [ 'bin', 'lib', 'templates' ],
33 silly install resolved     gitHead: '66310523d16a1f342f3da2aa49ea90d927fe7d46',
33 silly install resolved     bugs: { url: 'https://github.com/bower/bower/issues' },
33 silly install resolved     _id: 'bower@1.5.3',
33 silly install resolved     _shasum: 'ee5d7952e114e30b18795e20e9fefcc5b4cf963d',
33 silly install resolved     _from: 'bower@*',
33 silly install resolved     _npmVersion: '1.4.28',
33 silly install resolved     _npmUser: { name: 'sheerun', email: 'sheerun@sher.pl' },
33 silly install resolved     maintainers: [ [Object], [Object], [Object], [Object], [Object], [Object] ],
33 silly install resolved     dist:
33 silly install resolved      { shasum: 'ee5d7952e114e30b18795e20e9fefcc5b4cf963d',
33 silly install resolved        tarball: 'http://registry.npmjs.org/bower/-/bower-1.5.3.tgz' },
33 silly install resolved     directories: {},
33 silly install resolved     _resolved: 'https://registry.npmjs.org/bower/-/bower-1.5.3.tgz',
33 silly install resolved     readme: 'ERROR: No README data found!' } ]
34 info install bower@1.5.3 into C:\Program Files\nodejs
35 info installOne bower@1.5.3
36 verbose installOne of bower to C:\Program Files\nodejs not in flight; installing
37 verbose lock using C:\Users\ThamerBelfki\AppData\Roaming\npm-cache\_locks\bower-c09afa036a5c141c.lock for C:\Program Files\nodejs\node_modules\bower
38 silly install write writing bower 1.5.3 to C:\Program Files\nodejs\node_modules\bower
39 silly cache addNamed cb bower@1.5.3
40 verbose unbuild node_modules\bower
41 info preuninstall bower@1.5.2
42 info uninstall bower@1.5.2
43 verbose unbuild rmStuff bower@1.5.2 from C:\Program Files\nodejs\node_modules
44 verbose gentlyRm verifying that C:\Program Files\nodejs is managed by npm
45 silly isManaged C:\Program Files\nodejs is not inside C:\Program Files\nodejs\node_modules
46 silly isManaged C:\Program Files\nodejs is not inside C:\Program Files\nodejs\node_modules
47 silly isManaged C:\Program Files\nodejs is inside C:\Program Files\nodejs
48 silly gentlyRm C:\Program Files\nodejs is managed by npm
49 silly gentlyRm C:\Program Files\nodejs\bower.cmd is under C:\Program Files\nodejs
50 verbose gentlyRm vacuuming C:\Program Files\nodejs\bower.cmd up to C:\Program Files\nodejs
51 silly gentlyRm removing C:\Program Files\nodejs\bower.cmd
52 verbose unlock done using C:\Users\ThamerBelfki\AppData\Roaming\npm-cache\_locks\bower-c09afa036a5c141c.lock for C:\Program Files\nodejs\node_modules\bower
53 verbose stack Error: EPERM, unlink 'C:\Program Files\nodejs\bower.cmd'
53 verbose stack     at Error (native)
54 verbose cwd C:\wamp\www\laravel\public
55 error Windows_NT 6.3.9600
56 error argv "node" "C:\\Users\\ThamerBelfki\\AppData\\Roaming\\npm\\node_modules\\npm\\bin\\npm-cli.js" "install" "-g" "bower"
57 error node v0.12.7
58 error npm  v2.5.0
59 error path C:\Program Files\nodejs\bower.cmd
60 error code EPERM
61 error errno -4048
62 error Error: EPERM, unlink 'C:\Program Files\nodejs\bower.cmd'
62 error     at Error (native)
62 error  { [Error: EPERM, unlink 'C:\Program Files\nodejs\bower.cmd']
62 error   errno: -4048,
62 error   code: 'EPERM',
62 error   path: 'C:\\Program Files\\nodejs\\bower.cmd' }
63 error Please try running this command again as root/Administrator.
64 verbose exit [ -4048, true ]
65 verbose unbuild node_modules\bower
66 info preuninstall bower@1.5.2
67 info uninstall bower@1.5.2
68 verbose unbuild rmStuff bower@1.5.2 from C:\Program Files\nodejs\node_modules
69 verbose gentlyRm verifying that C:\Program Files\nodejs is managed by npm
70 silly isManaged C:\Program Files\nodejs is not inside C:\Program Files\nodejs\node_modules
71 silly isManaged C:\Program Files\nodejs is not inside C:\Program Files\nodejs\node_modules
72 silly isManaged C:\Program Files\nodejs is inside C:\Program Files\nodejs
73 silly gentlyRm C:\Program Files\nodejs is managed by npm
74 silly gentlyRm C:\Program Files\nodejs\bower.cmd is under C:\Program Files\nodejs
75 verbose gentlyRm vacuuming C:\Program Files\nodejs\bower.cmd up to C:\Program Files\nodejs
76 silly gentlyRm removing C:\Program Files\nodejs\bower.cmd
77 error error rolling back Error: EPERM, unlink 'C:\Program Files\nodejs\bower.cmd'
77 error error rolling back     at Error (native)
77 error error rolling back  { [Error: EPERM, unlink 'C:\Program Files\nodejs\bower.cmd']
77 error error rolling back   errno: -4048,
77 error error rolling back   code: 'EPERM',
77 error error rolling back   path: 'C:\\Program Files\\nodejs\\bower.cmd' }
